0.63480
0.10970
0.42750
0.40828
0.24668
0.19397
0.16246
0.33416
0.00731
0.23465
0.14387
0.07684
0.42502
0.13528
0.19248
0.12619
0.44046
0.29717
0.17504
0.08452
0.02174
0.41846
0.41054
0.28946
0.17584
0.31353
0.08526
0.18275
0.28972
0.12964
0.21797
0.04091
0.25913
0.32356
0.62226
0.51056
0.53823
0.73326
0.74110
0.40863
0.29124
0.82374
0.36574
0.55871
0.07561
0.31851
0.05756
0.26780
0.42969
0.61346
0.29224
0.11300
0.31738
0.61798
0.44005
0.12250
0.18243
0.45653
0.16201
0.34207
0.58441
0.37481
0.38095
0.18584
0.26131
0.09448
0.21771
0.57063
0.36613
0.09351
0.31543
0.26834
0.21980
0.19851
0.66514
0.50904
0.08826
0.22680
0.12428
0.27830
0.10322
0.12406
0.10746
0.26936
0.27428
0.69477
0.22241
0.03626
0.66004
0.23647
0.22248
0.43037
0.22000
0.29029
0.23967
0.10394
0.15757
0.63475
0.39190
0.31114
0.06386
0.37046
0.15485
0.05590
0.22292
0.16649
0.29024
0.13655
0.12901
0.39676
0.26195
0.10773
0.10779
0.55914
0.21062
0.18327
0.44275
0.15847
0.11962
0.09101
0.54238
-0.05707
0.17751
0.13171
-0.06092
0.18593
0.23923
0.19985
0.15424
0.67110
0.35956
0.34042
0.28038
0.14095
0.29941
0.01218
0.22897
0.30420
0.14902
0.79024
0.07246
-0.13420
0.24933
0.22891
0.52141
0.18090
0.29179
0.49864
0.26989
0.44770
0.22989
0.17019
0.12490
0.25676
0.18351
0.32860
0.20070
0.29465
0.10224
0.70063
0.37060
0.25207
0.46222
0.35187
0.07970
0.20046
0.64634
0.22672
0.09221
0.34882
0.33817
0.23088
0.24805
0.67250
0.34944
0.18944
0.20854
0.31250
0.35318
0.32992
0.30118
0.66349
0.44167
0.35223
0.30025
0.29510
0.31849
-0.01405
0.27656
